<?xml version="1.0" encoding="UTF-8"?>
<!-- Generated by org.testng.reporters.JUnitXMLReporter -->
<testsuite ignored="0" hostname="LAPTOP-ABRU889D" failures="4" tests="10" name="edgeTest" time="87.558" errors="0" timestamp="2025-05-20T06:54:29 IST">
  <testcase classname="TestingApp.LoginTestdp" name="verify_login" time="6.066">
    <skipped/>
  </testcase> <!-- verify_login -->
  <testcase classname="TestingApp.LoginTestdp" name="verify_login" time="6.66">
    <failure type="java.lang.AssertionError" message="null">
      <![CDATA[java.lang.AssertionError: null
at TestingApp.LoginTestdp.verify_login(LoginTestdp.java:39)
at java.base/java.util.ArrayList.forEach(ArrayList.java:1511)
... Removed 29 stack frames]]>
    </failure>
  </testcase> <!-- verify_login -->
  <testcase classname="TestingApp.LoginTestdp" name="verify_login" time="6.036">
    <skipped/>
  </testcase> <!-- verify_login -->
  <testcase classname="TestingApp.LoginTestdp" name="verify_login" time="6.043">
    <failure type="java.lang.AssertionError" message="null">
      <![CDATA[java.lang.AssertionError: null
at TestingApp.LoginTestdp.verify_login(LoginTestdp.java:39)
at java.base/java.util.ArrayList.forEach(ArrayList.java:1511)
... Removed 29 stack frames]]>
    </failure>
  </testcase> <!-- verify_login -->
  <testcase classname="TestingApp.LoginTestdp" name="verify_login" time="6.048">
    <skipped/>
  </testcase> <!-- verify_login -->
  <testcase classname="TestingApp.LoginTestdp" name="verify_login" time="6.415">
    <failure type="java.lang.AssertionError" message="null">
      <![CDATA[java.lang.AssertionError: null
at TestingApp.LoginTestdp.verify_login(LoginTestdp.java:39)
at java.base/java.util.ArrayList.forEach(ArrayList.java:1511)
... Removed 29 stack frames]]>
    </failure>
  </testcase> <!-- verify_login -->
  <testcase classname="TestingApp.LoginTestdp" name="verify_login" time="6.006">
    <skipped/>
  </testcase> <!-- verify_login -->
  <testcase classname="TestingApp.LoginTestdp" name="verify_login" time="6.592">
    <failure type="java.lang.AssertionError" message="null">
      <![CDATA[java.lang.AssertionError: null
at TestingApp.LoginTestdp.verify_login(LoginTestdp.java:39)
at java.base/java.util.ArrayList.forEach(ArrayList.java:1511)
... Removed 29 stack frames]]>
    </failure>
  </testcase> <!-- verify_login -->
  <testcase classname="TestingApp.LoginTestdp" name="verify_login" time="2.787"/>
  <testcase classname="TestingApp.RegistrationTest" name="verify_registration" time="3.722"/>
</testsuite> <!-- edgeTest -->
