<?xml version="1.0" encoding="UTF-8"?>
<!-- Generated by org.testng.reporters.JUnitXMLReporter -->
<testsuite ignored="0" hostname="LAPTOP-ABRU889D" failures="4" tests="10" name="edgeTest" time="110.497" errors="0" timestamp="2025-06-19T06:53:37 IST">
  <testcase classname="TestingApp.LoginTestdp" name="verify_login" time="8.841">
    <skipped/>
  </testcase> <!-- verify_login -->
  <testcase classname="TestingApp.LoginTestdp" name="verify_login" time="7.213">
    <failure type="java.lang.AssertionError" message="null">
      <![CDATA[java.lang.AssertionError: null
at TestingApp.LoginTestdp.verify_login(LoginTestdp.java:39)
at java.base/java.util.ArrayList.forEach(ArrayList.java:1511)
... Removed 29 stack frames]]>
    </failure>
  </testcase> <!-- verify_login -->
  <testcase classname="TestingApp.LoginTestdp" name="verify_login" time="8.534">
    <skipped/>
  </testcase> <!-- verify_login -->
  <testcase classname="TestingApp.LoginTestdp" name="verify_login" time="9.104">
    <failure type="java.lang.AssertionError" message="null">
      <![CDATA[java.lang.AssertionError: null
at TestingApp.LoginTestdp.verify_login(LoginTestdp.java:39)
at java.base/java.util.ArrayList.forEach(ArrayList.java:1511)
... Removed 29 stack frames]]>
    </failure>
  </testcase> <!-- verify_login -->
  <testcase classname="TestingApp.LoginTestdp" name="verify_login" time="7.607">
    <skipped/>
  </testcase> <!-- verify_login -->
  <testcase classname="TestingApp.LoginTestdp" name="verify_login" time="8.447">
    <failure type="java.lang.AssertionError" message="null">
      <![CDATA[java.lang.AssertionError: null
at TestingApp.LoginTestdp.verify_login(LoginTestdp.java:39)
at java.base/java.util.ArrayList.forEach(ArrayList.java:1511)
... Removed 29 stack frames]]>
    </failure>
  </testcase> <!-- verify_login -->
  <testcase classname="TestingApp.LoginTestdp" name="verify_login" time="6.23">
    <skipped/>
  </testcase> <!-- verify_login -->
  <testcase classname="TestingApp.LoginTestdp" name="verify_login" time="7.095">
    <failure type="java.lang.AssertionError" message="null">
      <![CDATA[java.lang.AssertionError: null
at TestingApp.LoginTestdp.verify_login(LoginTestdp.java:39)
at java.base/java.util.ArrayList.forEach(ArrayList.java:1511)
... Removed 29 stack frames]]>
    </failure>
  </testcase> <!-- verify_login -->
  <testcase classname="TestingApp.LoginTestdp" name="verify_login" time="3.39"/>
  <testcase classname="TestingApp.RegistrationTest" name="verify_registration" time="4.0"/>
</testsuite> <!-- edgeTest -->
