<?xml version="1.0" encoding="UTF-8"?>
<testng-results ignored="0" total="1" passed="1" failed="0" skipped="0">
  <reporter-output>
  </reporter-output>
  <suite started-at="2025-05-24T17:27:58 IST" name="Suite" finished-at="2025-05-24T17:28:15 IST" duration-ms="16815">
    <groups>
      <group name="demo">
        <method signature="RegistrationTest.verify_registration()[pri:0, instance:TestingApp.RegistrationTest@21fd5faa]" name="verify_registration" class="TestingApp.RegistrationTest"/>
      </group> <!-- demo -->
    </groups>
    <test started-at="2025-05-24T17:27:58 IST" name="Test" finished-at="2025-05-24T17:28:15 IST" duration-ms="16815">
      <class name="TestingApp.RegistrationTest">
        <test-method is-config="true" signature="setup(java.lang.String)[pri:0, instance:TestingApp.RegistrationTest@21fd5faa]" started-at="2025-05-24T17:27:58 IST" name="setup" finished-at="2025-05-24T17:28:09 IST" duration-ms="11257" status="PASS">
          <params>
            <param index="0">
              <value>
                <![CDATA[edge]]>
              </value>
            </param>
          </params>
          <reporter-output>
          </reporter-output>
        </test-method> <!-- setup -->
        <test-method signature="verify_registration()[pri:0, instance:TestingApp.RegistrationTest@21fd5faa]" started-at="2025-05-24T17:28:09 IST" name="verify_registration" finished-at="2025-05-24T17:28:14 IST" duration-ms="4943" status="PASS">
          <reporter-output>
          </reporter-output>
        </test-method> <!-- verify_registration -->
        <test-method is-config="true" signature="teardown()[pri:0, instance:TestingApp.RegistrationTest@21fd5faa]" started-at="2025-05-24T17:28:14 IST" name="teardown" finished-at="2025-05-24T17:28:15 IST" duration-ms="353" status="PASS">
          <reporter-output>
          </reporter-output>
        </test-method> <!-- teardown -->
      </class> <!-- TestingApp.RegistrationTest -->
    </test> <!-- Test -->
  </suite> <!-- Suite -->
</testng-results>
